# JRE version: OpenJDK Runtime Environment (11.0.8+10) (build 11.0.8+10-b944.6842174)
# Java VM: OpenJDK 64-Bit Server VM (11.0.8+10-b944.6842174, mixed mode, tiered, compressed oops, g1 gc, windows-amd64)
Heap:
 garbage-first heap   total 196608K, used 65051K [0x0000000080000000, 0x0000000100000000)
  region size 1024K, 37 young (37888K), 12 survivors (12288K)
 Metaspace       used 51183K, capacity 52474K, committed 52652K, reserved 1095680K
  class space    used 6490K, capacity 6906K, committed 6912K, reserved 1048576K
GC Heap History (18 events):
Event: 1.727 GC heap before
{Heap before GC invocations=0 (full 0):
 garbage-first heap   total 196608K, used 19456K [0x0000000080000000, 0x0000000100000000)
  region size 1024K, 14 young (14336K), 0 survivors (0K)
 Metaspace       used 7575K, capacity 7745K, committed 7936K, reserved 1056768K
  class space    used 706K, capacity 749K, committed 768K, reserved 1048576K
}
Event: 2.201 GC heap after
{Heap after GC invocations=1 (full 0):
 garbage-first heap   total 196608K, used 8196K [0x0000000080000000, 0x0000000100000000)
  region size 1024K, 2 young (2048K), 2 survivors (2048K)
 Metaspace       used 7575K, capacity 7745K, committed 7936K, reserved 1056768K
  class space    used 706K, capacity 749K, committed 768K, reserved 1048576K
}
Event: 3.041 GC heap before
{Heap before GC invocations=1 (full 0):
 garbage-first heap   total 196608K, used 20484K [0x0000000080000000, 0x0000000100000000)
  region size 1024K, 14 young (14336K), 2 survivors (2048K)
 Metaspace       used 10846K, capacity 11144K, committed 11264K, reserved 1058816K
  class space    used 1144K, capacity 1201K, committed 1280K, reserved 1048576K
}
Event: 3.043 GC heap after
{Heap after GC invocations=2 (full 0):
 garbage-first heap   total 196608K, used 9146K [0x0000000080000000, 0x0000000100000000)
  region size 1024K, 1 young (1024K), 1 survivors (1024K)
 Metaspace       used 10846K, capacity 11144K, committed 11264K, reserved 1058816K
  class space    used 1144K, capacity 1201K, committed 1280K, reserved 1048576K
}
Event: 4.026 GC heap before
{Heap before GC invocations=2 (full 0):
 garbage-first heap   total 196608K, used 39866K [0x0000000080000000, 0x0000000100000000)
  region size 1024K, 31 young (31744K), 1 survivors (1024K)
 Metaspace       used 11149K, capacity 11488K, committed 11520K, reserved 1058816K
  class space    used 1177K, capacity 1273K, committed 1280K, reserved 1048576K
}
Event: 4.029 GC heap after
{Heap after GC invocations=3 (full 0):
 garbage-first heap   total 196608K, used 13603K [0x0000000080000000, 0x0000000100000000)
  region size 1024K, 4 young (4096K), 4 survivors (4096K)
 Metaspace       used 11149K, capacity 11488K, committed 11520K, reserved 1058816K
  class space    used 1177K, capacity 1273K, committed 1280K, reserved 1048576K
}
Event: 9.354 GC heap before
{Heap before GC invocations=3 (full 0):
 garbage-first heap   total 196608K, used 58659K [0x0000000080000000, 0x0000000100000000)
  region size 1024K, 47 young (48128K), 4 survivors (4096K)
 Metaspace       used 20359K, capacity 20845K, committed 20992K, reserved 1067008K
  class space    used 2394K, capacity 2534K, committed 2560K, reserved 1048576K
}
Event: 9.359 GC heap after
{Heap after GC invocations=4 (full 0):
 garbage-first heap   total 196608K, used 16259K [0x0000000080000000, 0x0000000100000000)
  region size 1024K, 3 young (3072K), 3 survivors (3072K)
 Metaspace       used 20359K, capacity 20845K, committed 20992K, reserved 1067008K
  class space    used 2394K, capacity 2534K, committed 2560K, reserved 1048576K
}
Event: 9.484 GC heap before
{Heap before GC invocations=4 (full 0):
 garbage-first heap   total 196608K, used 17283K [0x0000000080000000, 0x0000000100000000)
  region size 1024K, 5 young (5120K), 3 survivors (3072K)
 Metaspace       used 20664K, capacity 21116K, committed 21248K, reserved 1069056K
  class space    used 2427K, capacity 2543K, committed 2560K, reserved 1048576K
}
Event: 9.488 GC heap after
{Heap after GC invocations=5 (full 0):
 garbage-first heap   total 196608K, used 16420K [0x0000000080000000, 0x0000000100000000)
  region size 1024K, 3 young (3072K), 3 survivors (3072K)
 Metaspace       used 20664K, capacity 21116K, committed 21248K, reserved 1069056K
  class space    used 2427K, capacity 2543K, committed 2560K, reserved 1048576K
}
Event: 11.292 GC heap before
{Heap before GC invocations=6 (full 0):
 garbage-first heap   total 196608K, used 73764K [0x0000000080000000, 0x0000000100000000)
  region size 1024K, 59 young (60416K), 3 survivors (3072K)
 Metaspace       used 27164K, capacity 27859K, committed 28032K, reserved 1073152K
  class space    used 3494K, capacity 3711K, committed 3712K, reserved 1048576K
}
Event: 11.298 GC heap after
{Heap after GC invocations=7 (full 0):
 garbage-first heap   total 196608K, used 18601K [0x0000000080000000, 0x0000000100000000)
  region size 1024K, 5 young (5120K), 5 survivors (5120K)
 Metaspace       used 27164K, capacity 27859K, committed 28032K, reserved 1073152K
  class space    used 3494K, capacity 3711K, committed 3712K, reserved 1048576K
}
Event: 12.772 GC heap before
{Heap before GC invocations=7 (full 0):
 garbage-first heap   total 196608K, used 54441K [0x0000000080000000, 0x0000000100000000)
  region size 1024K, 41 young (41984K), 5 survivors (5120K)
 Metaspace       used 34831K, capacity 35503K, committed 35628K, reserved 1081344K
  class space    used 4450K, capacity 4706K, committed 4736K, reserved 1048576K
}
Event: 12.780 GC heap after
{Heap after GC invocations=8 (full 0):
 garbage-first heap   total 196608K, used 21673K [0x0000000080000000, 0x0000000100000000)
  region size 1024K, 8 young (8192K), 8 survivors (8192K)
 Metaspace       used 34831K, capacity 35503K, committed 35628K, reserved 1081344K
  class space    used 4450K, capacity 4706K, committed 4736K, reserved 1048576K
}
Event: 15.780 GC heap before
{Heap before GC invocations=9 (full 0):
 garbage-first heap   total 196608K, used 97449K [0x0000000080000000, 0x0000000100000000)
  region size 1024K, 79 young (80896K), 8 survivors (8192K)
 Metaspace       used 41258K, capacity 42203K, committed 42412K, reserved 1085440K
  class space    used 5292K, capacity 5567K, committed 5632K, reserved 1048576K
}
Event: 15.796 GC heap after
{Heap after GC invocations=10 (full 0):
 garbage-first heap   total 196608K, used 25219K [0x0000000080000000, 0x0000000100000000)
  region size 1024K, 9 young (9216K), 9 survivors (9216K)
 Metaspace       used 41258K, capacity 42203K, committed 42412K, reserved 1085440K
  class space    used 5292K, capacity 5567K, committed 5632K, reserved 1048576K
}
Event: 18.767 GC heap before
{Heap before GC invocations=10 (full 0):
 garbage-first heap   total 196608K, used 117379K [0x0000000080000000, 0x0000000100000000)
  region size 1024K, 94 young (96256K), 9 survivors (9216K)
 Metaspace       used 46349K, capacity 47572K, committed 47788K, reserved 1091584K
  class space    used 5960K, capacity 6381K, committed 6400K, reserved 1048576K
}
Event: 18.782 GC heap after
{Heap after GC invocations=11 (full 0):
 garbage-first heap   total 196608K, used 40475K [0x0000000080000000, 0x0000000100000000)
  region size 1024K, 12 young (12288K), 12 survivors (12288K)
 Metaspace       used 46349K, capacity 47572K, committed 47788K, reserved 1091584K
  class space    used 5960K, capacity 6381K, committed 6400K, reserved 1048576K
}

